Determining if the pthread_create exist failed with the following output:
Change Dir: /home/ahmed/Jetson-Nano-Install-Dlib-Library/dlib-19.24/build/temp.linux-aarch64-3.6/dlib_build/cudnn_test_build/CMakeFiles/CMakeTmp

Run Build Command:"/usr/bin/make" "cmTC_c3685/fast"
/usr/bin/make -f CMakeFiles/cmTC_c3685.dir/build.make CMakeFiles/cmTC_c3685.dir/build
make[1]: Entering directory '/home/ahmed/Jetson-Nano-Install-Dlib-Library/dlib-19.24/build/temp.linux-aarch64-3.6/dlib_build/cudnn_test_build/CMakeFiles/CMakeTmp'
Building C object CMakeFiles/cmTC_c3685.dir/CheckSymbolExists.c.o
/usr/bin/cc   -fPIC    -o CMakeFiles/cmTC_c3685.dir/CheckSymbolExists.c.o   -c /home/ahmed/Jetson-Nano-Install-Dlib-Library/dlib-19.24/build/temp.linux-aarch64-3.6/dlib_build/cudnn_test_build/CMakeFiles/CMakeTmp/CheckSymbolExists.c
Linking C executable cmTC_c3685
/usr/bin/cmake -E cmake_link_script CMakeFiles/cmTC_c3685.dir/link.txt --verbose=1
/usr/bin/cc -fPIC     -rdynamic CMakeFiles/cmTC_c3685.dir/CheckSymbolExists.c.o  -o cmTC_c3685 
CMakeFiles/cmTC_c3685.dir/CheckSymbolExists.c.o: In function `main':
CheckSymbolExists.c:(.text+0x14): undefined reference to `pthread_create'
CheckSymbolExists.c:(.text+0x18): undefined reference to `pthread_create'
collect2: error: ld returned 1 exit status
CMakeFiles/cmTC_c3685.dir/build.make:97: recipe for target 'cmTC_c3685' failed
make[1]: *** [cmTC_c3685] Error 1
make[1]: Leaving directory '/home/ahmed/Jetson-Nano-Install-Dlib-Library/dlib-19.24/build/temp.linux-aarch64-3.6/dlib_build/cudnn_test_build/CMakeFiles/CMakeTmp'
Makefile:126: recipe for target 'cmTC_c3685/fast' failed
make: *** [cmTC_c3685/fast] Error 2

File /home/ahmed/Jetson-Nano-Install-Dlib-Library/dlib-19.24/build/temp.linux-aarch64-3.6/dlib_build/cudnn_test_build/CMakeFiles/CMakeTmp/CheckSymbolExists.c:
/* */
#include <pthread.h>

int main(int argc, char** argv)
{
  (void)argv;
#ifndef pthread_create
  return ((int*)(&pthread_create))[argc];
#else
  (void)argc;
  return 0;
#endif
}

Determining if the function pthread_create exists in the pthreads failed with the following output:
Change Dir: /home/ahmed/Jetson-Nano-Install-Dlib-Library/dlib-19.24/build/temp.linux-aarch64-3.6/dlib_build/cudnn_test_build/CMakeFiles/CMakeTmp

Run Build Command:"/usr/bin/make" "cmTC_e2dec/fast"
/usr/bin/make -f CMakeFiles/cmTC_e2dec.dir/build.make CMakeFiles/cmTC_e2dec.dir/build
make[1]: Entering directory '/home/ahmed/Jetson-Nano-Install-Dlib-Library/dlib-19.24/build/temp.linux-aarch64-3.6/dlib_build/cudnn_test_build/CMakeFiles/CMakeTmp'
Building C object CMakeFiles/cmTC_e2dec.dir/CheckFunctionExists.c.o
/usr/bin/cc   -fPIC -DCHECK_FUNCTION_EXISTS=pthread_create   -o CMakeFiles/cmTC_e2dec.dir/CheckFunctionExists.c.o   -c /usr/share/cmake-3.10/Modules/CheckFunctionExists.c
Linking C executable cmTC_e2dec
/usr/bin/cmake -E cmake_link_script CMakeFiles/cmTC_e2dec.dir/link.txt --verbose=1
/usr/bin/cc -fPIC -DCHECK_FUNCTION_EXISTS=pthread_create    -rdynamic CMakeFiles/cmTC_e2dec.dir/CheckFunctionExists.c.o  -o cmTC_e2dec -lpthreads 
/usr/bin/ld: cannot find -lpthreads
collect2: error: ld returned 1 exit status
CMakeFiles/cmTC_e2dec.dir/build.make:97: recipe for target 'cmTC_e2dec' failed
make[1]: *** [cmTC_e2dec] Error 1
make[1]: Leaving directory '/home/ahmed/Jetson-Nano-Install-Dlib-Library/dlib-19.24/build/temp.linux-aarch64-3.6/dlib_build/cudnn_test_build/CMakeFiles/CMakeTmp'
Makefile:126: recipe for target 'cmTC_e2dec/fast' failed
make: *** [cmTC_e2dec/fast] Error 2


