Determining if the pthread_create exist failed with the following output:
Change Dir: /home/ahmed/Jetson-Nano-Install-Dlib-Library/dlib-19.24/build/temp.linux-aarch64-3.6/CMakeFiles/CMakeTmp

Run Build Command:"/usr/bin/make" "cmTC_64be1/fast"
/usr/bin/make -f CMakeFiles/cmTC_64be1.dir/build.make CMakeFiles/cmTC_64be1.dir/build
make[1]: Entering directory '/home/ahmed/Jetson-Nano-Install-Dlib-Library/dlib-19.24/build/temp.linux-aarch64-3.6/CMakeFiles/CMakeTmp'
Building C object CMakeFiles/cmTC_64be1.dir/CheckSymbolExists.c.o
/usr/bin/cc   -fPIE   -o CMakeFiles/cmTC_64be1.dir/CheckSymbolExists.c.o   -c /home/ahmed/Jetson-Nano-Install-Dlib-Library/dlib-19.24/build/temp.linux-aarch64-3.6/CMakeFiles/CMakeTmp/CheckSymbolExists.c
Linking C executable cmTC_64be1
/usr/bin/cmake -E cmake_link_script CMakeFiles/cmTC_64be1.dir/link.txt --verbose=1
/usr/bin/cc      -rdynamic CMakeFiles/cmTC_64be1.dir/CheckSymbolExists.c.o  -o cmTC_64be1 
CMakeFiles/cmTC_64be1.dir/CheckSymbolExists.c.o: In function `main':
CheckSymbolExists.c:(.text+0x14): undefined reference to `pthread_create'
CheckSymbolExists.c:(.text+0x18): undefined reference to `pthread_create'
collect2: error: ld returned 1 exit status
CMakeFiles/cmTC_64be1.dir/build.make:97: recipe for target 'cmTC_64be1' failed
make[1]: *** [cmTC_64be1] Error 1
make[1]: Leaving directory '/home/ahmed/Jetson-Nano-Install-Dlib-Library/dlib-19.24/build/temp.linux-aarch64-3.6/CMakeFiles/CMakeTmp'
Makefile:126: recipe for target 'cmTC_64be1/fast' failed
make: *** [cmTC_64be1/fast] Error 2

File /home/ahmed/Jetson-Nano-Install-Dlib-Library/dlib-19.24/build/temp.linux-aarch64-3.6/CMakeFiles/CMakeTmp/CheckSymbolExists.c:
/* */
#include <pthread.h>

int main(int argc, char** argv)
{
  (void)argv;
#ifndef pthread_create
  return ((int*)(&pthread_create))[argc];
#else
  (void)argc;
  return 0;
#endif
}

Determining if the function pthread_create exists in the pthreads failed with the following output:
Change Dir: /home/ahmed/Jetson-Nano-Install-Dlib-Library/dlib-19.24/build/temp.linux-aarch64-3.6/CMakeFiles/CMakeTmp

Run Build Command:"/usr/bin/make" "cmTC_9ad6f/fast"
/usr/bin/make -f CMakeFiles/cmTC_9ad6f.dir/build.make CMakeFiles/cmTC_9ad6f.dir/build
make[1]: Entering directory '/home/ahmed/Jetson-Nano-Install-Dlib-Library/dlib-19.24/build/temp.linux-aarch64-3.6/CMakeFiles/CMakeTmp'
Building C object CMakeFiles/cmTC_9ad6f.dir/CheckFunctionExists.c.o
/usr/bin/cc   -DCHECK_FUNCTION_EXISTS=pthread_create -fPIE   -o CMakeFiles/cmTC_9ad6f.dir/CheckFunctionExists.c.o   -c /usr/share/cmake-3.10/Modules/CheckFunctionExists.c
Linking C executable cmTC_9ad6f
/usr/bin/cmake -E cmake_link_script CMakeFiles/cmTC_9ad6f.dir/link.txt --verbose=1
/usr/bin/cc  -DCHECK_FUNCTION_EXISTS=pthread_create    -rdynamic CMakeFiles/cmTC_9ad6f.dir/CheckFunctionExists.c.o  -o cmTC_9ad6f -lpthreads 
/usr/bin/ld: cannot find -lpthreads
collect2: error: ld returned 1 exit status
CMakeFiles/cmTC_9ad6f.dir/build.make:97: recipe for target 'cmTC_9ad6f' failed
make[1]: *** [cmTC_9ad6f] Error 1
make[1]: Leaving directory '/home/ahmed/Jetson-Nano-Install-Dlib-Library/dlib-19.24/build/temp.linux-aarch64-3.6/CMakeFiles/CMakeTmp'
Makefile:126: recipe for target 'cmTC_9ad6f/fast' failed
make: *** [cmTC_9ad6f/fast] Error 2


Determining if the function cblas_ddot exists failed with the following output:
Change Dir: /home/ahmed/Jetson-Nano-Install-Dlib-Library/dlib-19.24/build/temp.linux-aarch64-3.6/CMakeFiles/CMakeTmp

Run Build Command:"/usr/bin/make" "cmTC_ed1e4/fast"
/usr/bin/make -f CMakeFiles/cmTC_ed1e4.dir/build.make CMakeFiles/cmTC_ed1e4.dir/build
make[1]: Entering directory '/home/ahmed/Jetson-Nano-Install-Dlib-Library/dlib-19.24/build/temp.linux-aarch64-3.6/CMakeFiles/CMakeTmp'
Building C object CMakeFiles/cmTC_ed1e4.dir/CheckFunctionExists.c.o
/usr/bin/cc   -DCHECK_FUNCTION_EXISTS=cblas_ddot -fPIE   -o CMakeFiles/cmTC_ed1e4.dir/CheckFunctionExists.c.o   -c /usr/share/cmake-3.10/Modules/CheckFunctionExists.c
Linking C executable cmTC_ed1e4
/usr/bin/cmake -E cmake_link_script CMakeFiles/cmTC_ed1e4.dir/link.txt --verbose=1
/usr/bin/cc  -DCHECK_FUNCTION_EXISTS=cblas_ddot    -rdynamic CMakeFiles/cmTC_ed1e4.dir/CheckFunctionExists.c.o  -o cmTC_ed1e4 
CMakeFiles/cmTC_ed1e4.dir/CheckFunctionExists.c.o: In function `main':
CheckFunctionExists.c:(.text+0x10): undefined reference to `cblas_ddot'
collect2: error: ld returned 1 exit status
CMakeFiles/cmTC_ed1e4.dir/build.make:97: recipe for target 'cmTC_ed1e4' failed
make[1]: *** [cmTC_ed1e4] Error 1
make[1]: Leaving directory '/home/ahmed/Jetson-Nano-Install-Dlib-Library/dlib-19.24/build/temp.linux-aarch64-3.6/CMakeFiles/CMakeTmp'
Makefile:126: recipe for target 'cmTC_ed1e4/fast' failed
make: *** [cmTC_ed1e4/fast] Error 2


Determining if the function sgesv exists failed with the following output:
Change Dir: /home/ahmed/Jetson-Nano-Install-Dlib-Library/dlib-19.24/build/temp.linux-aarch64-3.6/CMakeFiles/CMakeTmp

Run Build Command:"/usr/bin/make" "cmTC_28cc4/fast"
/usr/bin/make -f CMakeFiles/cmTC_28cc4.dir/build.make CMakeFiles/cmTC_28cc4.dir/build
make[1]: Entering directory '/home/ahmed/Jetson-Nano-Install-Dlib-Library/dlib-19.24/build/temp.linux-aarch64-3.6/CMakeFiles/CMakeTmp'
Building C object CMakeFiles/cmTC_28cc4.dir/CheckFunctionExists.c.o
/usr/bin/cc   -DCHECK_FUNCTION_EXISTS=sgesv -fPIE   -o CMakeFiles/cmTC_28cc4.dir/CheckFunctionExists.c.o   -c /usr/share/cmake-3.10/Modules/CheckFunctionExists.c
Linking C executable cmTC_28cc4
/usr/bin/cmake -E cmake_link_script CMakeFiles/cmTC_28cc4.dir/link.txt --verbose=1
/usr/bin/cc  -DCHECK_FUNCTION_EXISTS=sgesv    -rdynamic CMakeFiles/cmTC_28cc4.dir/CheckFunctionExists.c.o  -o cmTC_28cc4 
CMakeFiles/cmTC_28cc4.dir/CheckFunctionExists.c.o: In function `main':
CheckFunctionExists.c:(.text+0x10): undefined reference to `sgesv'
collect2: error: ld returned 1 exit status
CMakeFiles/cmTC_28cc4.dir/build.make:97: recipe for target 'cmTC_28cc4' failed
make[1]: *** [cmTC_28cc4] Error 1
make[1]: Leaving directory '/home/ahmed/Jetson-Nano-Install-Dlib-Library/dlib-19.24/build/temp.linux-aarch64-3.6/CMakeFiles/CMakeTmp'
Makefile:126: recipe for target 'cmTC_28cc4/fast' failed
make: *** [cmTC_28cc4/fast] Error 2


Determining if the function sgesv_ exists failed with the following output:
Change Dir: /home/ahmed/Jetson-Nano-Install-Dlib-Library/dlib-19.24/build/temp.linux-aarch64-3.6/CMakeFiles/CMakeTmp

Run Build Command:"/usr/bin/make" "cmTC_b6dfb/fast"
/usr/bin/make -f CMakeFiles/cmTC_b6dfb.dir/build.make CMakeFiles/cmTC_b6dfb.dir/build
make[1]: Entering directory '/home/ahmed/Jetson-Nano-Install-Dlib-Library/dlib-19.24/build/temp.linux-aarch64-3.6/CMakeFiles/CMakeTmp'
Building C object CMakeFiles/cmTC_b6dfb.dir/CheckFunctionExists.c.o
/usr/bin/cc   -DCHECK_FUNCTION_EXISTS=sgesv_ -fPIE   -o CMakeFiles/cmTC_b6dfb.dir/CheckFunctionExists.c.o   -c /usr/share/cmake-3.10/Modules/CheckFunctionExists.c
Linking C executable cmTC_b6dfb
/usr/bin/cmake -E cmake_link_script CMakeFiles/cmTC_b6dfb.dir/link.txt --verbose=1
/usr/bin/cc  -DCHECK_FUNCTION_EXISTS=sgesv_    -rdynamic CMakeFiles/cmTC_b6dfb.dir/CheckFunctionExists.c.o  -o cmTC_b6dfb 
CMakeFiles/cmTC_b6dfb.dir/CheckFunctionExists.c.o: In function `main':
CheckFunctionExists.c:(.text+0x10): undefined reference to `sgesv_'
collect2: error: ld returned 1 exit status
CMakeFiles/cmTC_b6dfb.dir/build.make:97: recipe for target 'cmTC_b6dfb' failed
make[1]: *** [cmTC_b6dfb] Error 1
make[1]: Leaving directory '/home/ahmed/Jetson-Nano-Install-Dlib-Library/dlib-19.24/build/temp.linux-aarch64-3.6/CMakeFiles/CMakeTmp'
Makefile:126: recipe for target 'cmTC_b6dfb/fast' failed
make: *** [cmTC_b6dfb/fast] Error 2


