Determining if the pthread_create exist failed with the following output:
Change Dir: /home/ahmed/Jetson-Nano-Install-Dlib-Library/dlib-19.24/build/dlib/cuda_test_build/CMakeFiles/CMakeTmp

Run Build Command:"/usr/bin/make" "cmTC_97b01/fast"
/usr/bin/make -f CMakeFiles/cmTC_97b01.dir/build.make CMakeFiles/cmTC_97b01.dir/build
make[1]: Entering directory '/home/ahmed/Jetson-Nano-Install-Dlib-Library/dlib-19.24/build/dlib/cuda_test_build/CMakeFiles/CMakeTmp'
Building C object CMakeFiles/cmTC_97b01.dir/CheckSymbolExists.c.o
/usr/bin/cc   -fPIC    -o CMakeFiles/cmTC_97b01.dir/CheckSymbolExists.c.o   -c /home/ahmed/Jetson-Nano-Install-Dlib-Library/dlib-19.24/build/dlib/cuda_test_build/CMakeFiles/CMakeTmp/CheckSymbolExists.c
Linking C executable cmTC_97b01
/usr/bin/cmake -E cmake_link_script CMakeFiles/cmTC_97b01.dir/link.txt --verbose=1
/usr/bin/cc -fPIC     -rdynamic CMakeFiles/cmTC_97b01.dir/CheckSymbolExists.c.o  -o cmTC_97b01 
CMakeFiles/cmTC_97b01.dir/CheckSymbolExists.c.o: In function `main':
CheckSymbolExists.c:(.text+0x14): undefined reference to `pthread_create'
CheckSymbolExists.c:(.text+0x18): undefined reference to `pthread_create'
collect2: error: ld returned 1 exit status
CMakeFiles/cmTC_97b01.dir/build.make:97: recipe for target 'cmTC_97b01' failed
make[1]: *** [cmTC_97b01] Error 1
make[1]: Leaving directory '/home/ahmed/Jetson-Nano-Install-Dlib-Library/dlib-19.24/build/dlib/cuda_test_build/CMakeFiles/CMakeTmp'
Makefile:126: recipe for target 'cmTC_97b01/fast' failed
make: *** [cmTC_97b01/fast] Error 2

File /home/ahmed/Jetson-Nano-Install-Dlib-Library/dlib-19.24/build/dlib/cuda_test_build/CMakeFiles/CMakeTmp/CheckSymbolExists.c:
/* */
#include <pthread.h>

int main(int argc, char** argv)
{
  (void)argv;
#ifndef pthread_create
  return ((int*)(&pthread_create))[argc];
#else
  (void)argc;
  return 0;
#endif
}

Determining if the function pthread_create exists in the pthreads failed with the following output:
Change Dir: /home/ahmed/Jetson-Nano-Install-Dlib-Library/dlib-19.24/build/dlib/cuda_test_build/CMakeFiles/CMakeTmp

Run Build Command:"/usr/bin/make" "cmTC_374ca/fast"
/usr/bin/make -f CMakeFiles/cmTC_374ca.dir/build.make CMakeFiles/cmTC_374ca.dir/build
make[1]: Entering directory '/home/ahmed/Jetson-Nano-Install-Dlib-Library/dlib-19.24/build/dlib/cuda_test_build/CMakeFiles/CMakeTmp'
Building C object CMakeFiles/cmTC_374ca.dir/CheckFunctionExists.c.o
/usr/bin/cc   -fPIC -DCHECK_FUNCTION_EXISTS=pthread_create   -o CMakeFiles/cmTC_374ca.dir/CheckFunctionExists.c.o   -c /usr/share/cmake-3.10/Modules/CheckFunctionExists.c
Linking C executable cmTC_374ca
/usr/bin/cmake -E cmake_link_script CMakeFiles/cmTC_374ca.dir/link.txt --verbose=1
/usr/bin/cc -fPIC -DCHECK_FUNCTION_EXISTS=pthread_create    -rdynamic CMakeFiles/cmTC_374ca.dir/CheckFunctionExists.c.o  -o cmTC_374ca -lpthreads 
/usr/bin/ld: cannot find -lpthreads
collect2: error: ld returned 1 exit status
CMakeFiles/cmTC_374ca.dir/build.make:97: recipe for target 'cmTC_374ca' failed
make[1]: *** [cmTC_374ca] Error 1
make[1]: Leaving directory '/home/ahmed/Jetson-Nano-Install-Dlib-Library/dlib-19.24/build/dlib/cuda_test_build/CMakeFiles/CMakeTmp'
Makefile:126: recipe for target 'cmTC_374ca/fast' failed
make: *** [cmTC_374ca/fast] Error 2


