Determining if the pthread_create exist failed with the following output:
Change Dir: /home/ahmed/Jetson-Nano-Install-Dlib-Library/dlib-19.24/build/dlib/cudnn_test_build/CMakeFiles/CMakeTmp

Run Build Command:"/usr/bin/make" "cmTC_664ad/fast"
/usr/bin/make -f CMakeFiles/cmTC_664ad.dir/build.make CMakeFiles/cmTC_664ad.dir/build
make[1]: Entering directory '/home/ahmed/Jetson-Nano-Install-Dlib-Library/dlib-19.24/build/dlib/cudnn_test_build/CMakeFiles/CMakeTmp'
Building C object CMakeFiles/cmTC_664ad.dir/CheckSymbolExists.c.o
/usr/bin/cc   -fPIC    -o CMakeFiles/cmTC_664ad.dir/CheckSymbolExists.c.o   -c /home/ahmed/Jetson-Nano-Install-Dlib-Library/dlib-19.24/build/dlib/cudnn_test_build/CMakeFiles/CMakeTmp/CheckSymbolExists.c
Linking C executable cmTC_664ad
/usr/bin/cmake -E cmake_link_script CMakeFiles/cmTC_664ad.dir/link.txt --verbose=1
/usr/bin/cc -fPIC     -rdynamic CMakeFiles/cmTC_664ad.dir/CheckSymbolExists.c.o  -o cmTC_664ad 
CMakeFiles/cmTC_664ad.dir/CheckSymbolExists.c.o: In function `main':
CheckSymbolExists.c:(.text+0x14): undefined reference to `pthread_create'
CheckSymbolExists.c:(.text+0x18): undefined reference to `pthread_create'
collect2: error: ld returned 1 exit status
CMakeFiles/cmTC_664ad.dir/build.make:97: recipe for target 'cmTC_664ad' failed
make[1]: *** [cmTC_664ad] Error 1
make[1]: Leaving directory '/home/ahmed/Jetson-Nano-Install-Dlib-Library/dlib-19.24/build/dlib/cudnn_test_build/CMakeFiles/CMakeTmp'
Makefile:126: recipe for target 'cmTC_664ad/fast' failed
make: *** [cmTC_664ad/fast] Error 2

File /home/ahmed/Jetson-Nano-Install-Dlib-Library/dlib-19.24/build/dlib/cudnn_test_build/CMakeFiles/CMakeTmp/CheckSymbolExists.c:
/* */
#include <pthread.h>

int main(int argc, char** argv)
{
  (void)argv;
#ifndef pthread_create
  return ((int*)(&pthread_create))[argc];
#else
  (void)argc;
  return 0;
#endif
}

Determining if the function pthread_create exists in the pthreads failed with the following output:
Change Dir: /home/ahmed/Jetson-Nano-Install-Dlib-Library/dlib-19.24/build/dlib/cudnn_test_build/CMakeFiles/CMakeTmp

Run Build Command:"/usr/bin/make" "cmTC_663b7/fast"
/usr/bin/make -f CMakeFiles/cmTC_663b7.dir/build.make CMakeFiles/cmTC_663b7.dir/build
make[1]: Entering directory '/home/ahmed/Jetson-Nano-Install-Dlib-Library/dlib-19.24/build/dlib/cudnn_test_build/CMakeFiles/CMakeTmp'
Building C object CMakeFiles/cmTC_663b7.dir/CheckFunctionExists.c.o
/usr/bin/cc   -fPIC -DCHECK_FUNCTION_EXISTS=pthread_create   -o CMakeFiles/cmTC_663b7.dir/CheckFunctionExists.c.o   -c /usr/share/cmake-3.10/Modules/CheckFunctionExists.c
Linking C executable cmTC_663b7
/usr/bin/cmake -E cmake_link_script CMakeFiles/cmTC_663b7.dir/link.txt --verbose=1
/usr/bin/cc -fPIC -DCHECK_FUNCTION_EXISTS=pthread_create    -rdynamic CMakeFiles/cmTC_663b7.dir/CheckFunctionExists.c.o  -o cmTC_663b7 -lpthreads 
/usr/bin/ld: cannot find -lpthreads
collect2: error: ld returned 1 exit status
CMakeFiles/cmTC_663b7.dir/build.make:97: recipe for target 'cmTC_663b7' failed
make[1]: *** [cmTC_663b7] Error 1
make[1]: Leaving directory '/home/ahmed/Jetson-Nano-Install-Dlib-Library/dlib-19.24/build/dlib/cudnn_test_build/CMakeFiles/CMakeTmp'
Makefile:126: recipe for target 'cmTC_663b7/fast' failed
make: *** [cmTC_663b7/fast] Error 2


